<?xml version="1.0" encoding="UTF-8"?>
<!-- Generated by org.testng.reporters.JUnitXMLReporter -->
<testsuite ignored="4" hostname="Chetan-pc" failures="0" tests="4" name="Test" time="72.231" errors="0" timestamp="2024-09-05T16:42:26 IST">
  <testcase classname="com.vtiger.crm.contacttest.Working_with_ContactModuleTest" name="createContactwithDate" time="10.626"/>
  <testcase classname="com.vtiger.crm.contacttest.Working_with_ContactModuleTest" name="createContactwithOrgTest" time="19.553"/>
  <testcase classname="com.vtiger.crm.orgtest.Working_with_OrganizationModuleTest" name="createOrgWithIndustryAndType" time="9.597"/>
  <testcase classname="com.vtiger.crm.orgtest.Working_with_OrganizationModuleTest" name="createOrgWithNumber" time="9.263"/>
  <testcase classname="com.vtiger.crm.baseclassutility.BaseClassTest" name="@AfterSuite configAS" time="0.0">
    <ignored/>
  </testcase> <!-- @AfterSuite configAS -->
  <testcase classname="com.vtiger.crm.baseclassutility.BaseClassTest" name="@BeforeSuite configBS" time="0.0">
    <ignored/>
  </testcase> <!-- @BeforeSuite configBS -->
  <testcase classname="com.vtiger.crm.contacttest.Working_with_ContactModuleTest" name="createContactTest" time="0.0">
    <ignored/>
  </testcase> <!-- createContactTest -->
  <testcase classname="com.vtiger.crm.orgtest.Working_with_OrganizationModuleTest" name="createOrgTest" time="0.0">
    <ignored/>
  </testcase> <!-- createOrgTest -->
</testsuite> <!-- Test -->
