<?xml version="1.0" encoding="UTF-8"?>
<!-- Generated by org.testng.reporters.JUnitXMLReporter -->
<testsuite ignored="2" hostname="Chetan-pc" failures="0" tests="1" name="Test(failed)" time="13.496" errors="0" timestamp="2024-08-23T15:05:09 IST">
  <testcase classname="com.vtiger.crm.orgtest.Working_with_OrganizationModuleTest" name="createOrgTest" time="8.195"/>
  <testcase classname="com.vtiger.crm.orgtest.Working_with_OrganizationModuleTest" name="createOrgWithNumber" time="0.0">
    <ignored/>
  </testcase> <!-- createOrgWithNumber -->
  <testcase classname="com.vtiger.crm.orgtest.Working_with_OrganizationModuleTest" name="createOrgWithIndustryAndType" time="0.0">
    <ignored/>
  </testcase> <!-- createOrgWithIndustryAndType -->
</testsuite> <!-- Test(failed) -->
