<?xml version="1.0" encoding="UTF-8"?>
<testng-results ignored="4" total="8" passed="4" failed="0" skipped="0">
  <reporter-output>
  </reporter-output>
  <suite started-at="2024-09-05T16:41:14 IST" name="Suite" finished-at="2024-09-05T16:42:26 IST" duration-ms="72231">
    <groups>
      <group name="Regression Test">
        <method signature="Working_with_ContactModuleTest.createContactwithDate()[pri:0, instance:com.vtiger.crm.contacttest.Working_with_ContactModuleTest@5c33f1a9]" name="createContactwithDate" class="com.vtiger.crm.contacttest.Working_with_ContactModuleTest"/>
        <method signature="Working_with_ContactModuleTest.createContactwithOrgTest()[pri:0, instance:com.vtiger.crm.contacttest.Working_with_ContactModuleTest@5c33f1a9]" name="createContactwithOrgTest" class="com.vtiger.crm.contacttest.Working_with_ContactModuleTest"/>
        <method signature="Working_with_OrganizationModuleTest.createOrgWithIndustryAndType()[pri:0, instance:com.vtiger.crm.orgtest.Working_with_OrganizationModuleTest@6069db50]" name="createOrgWithIndustryAndType" class="com.vtiger.crm.orgtest.Working_with_OrganizationModuleTest"/>
        <method signature="Working_with_OrganizationModuleTest.createOrgWithNumber()[pri:0, instance:com.vtiger.crm.orgtest.Working_with_OrganizationModuleTest@6069db50]" name="createOrgWithNumber" class="com.vtiger.crm.orgtest.Working_with_OrganizationModuleTest"/>
      </group> <!-- Regression Test -->
    </groups>
    <test started-at="2024-09-05T16:41:14 IST" name="Test" finished-at="2024-09-05T16:42:26 IST" duration-ms="72231">
      <class name="com.vtiger.crm.orgtest.Working_with_OrganizationModuleTest">
        <test-method is-config="true" signature="configBC()[pri:0, instance:com.vtiger.crm.orgtest.Working_with_OrganizationModuleTest@6069db50]" started-at="2024-09-05T16:41:54 IST" name="configBC" finished-at="2024-09-05T16:41:56 IST" duration-ms="1241" status="PASS">
          <reporter-output>
          </reporter-output>
        </test-method> <!-- configBC -->
        <test-method is-config="true" signature="configBM()[pri:0, instance:com.vtiger.crm.orgtest.Working_with_OrganizationModuleTest@6069db50]" started-at="2024-09-05T16:41:56 IST" name="configBM" finished-at="2024-09-05T16:42:00 IST" duration-ms="4647" status="PASS">
          <reporter-output>
          </reporter-output>
        </test-method> <!-- configBM -->
        <test-method signature="createOrgWithIndustryAndType()[pri:0, instance:com.vtiger.crm.orgtest.Working_with_OrganizationModuleTest@6069db50]" started-at="2024-09-05T16:42:00 IST" name="createOrgWithIndustryAndType" finished-at="2024-09-05T16:42:10 IST" duration-ms="9597" status="PASS">
          <reporter-output>
          </reporter-output>
        </test-method> <!-- createOrgWithIndustryAndType -->
        <test-method is-config="true" signature="configAM()[pri:0, instance:com.vtiger.crm.orgtest.Working_with_OrganizationModuleTest@6069db50]" started-at="2024-09-05T16:42:10 IST" name="configAM" finished-at="2024-09-05T16:42:11 IST" duration-ms="1506" status="PASS">
          <reporter-output>
          </reporter-output>
        </test-method> <!-- configAM -->
        <test-method is-config="true" signature="configBM()[pri:0, instance:com.vtiger.crm.orgtest.Working_with_OrganizationModuleTest@6069db50]" started-at="2024-09-05T16:42:11 IST" name="configBM" finished-at="2024-09-05T16:42:14 IST" duration-ms="2556" status="PASS">
          <reporter-output>
          </reporter-output>
        </test-method> <!-- configBM -->
        <test-method signature="createOrgWithNumber()[pri:0, instance:com.vtiger.crm.orgtest.Working_with_OrganizationModuleTest@6069db50]" started-at="2024-09-05T16:42:14 IST" name="createOrgWithNumber" finished-at="2024-09-05T16:42:23 IST" duration-ms="9263" status="PASS">
          <reporter-output>
          </reporter-output>
        </test-method> <!-- createOrgWithNumber -->
        <test-method is-config="true" signature="configAM()[pri:0, instance:com.vtiger.crm.orgtest.Working_with_OrganizationModuleTest@6069db50]" started-at="2024-09-05T16:42:23 IST" name="configAM" finished-at="2024-09-05T16:42:25 IST" duration-ms="1347" status="PASS">
          <reporter-output>
          </reporter-output>
        </test-method> <!-- configAM -->
        <test-method is-config="true" signature="configAC()[pri:0, instance:com.vtiger.crm.orgtest.Working_with_OrganizationModuleTest@6069db50]" started-at="2024-09-05T16:42:25 IST" name="configAC" finished-at="2024-09-05T16:42:26 IST" duration-ms="1333" status="PASS">
          <reporter-output>
          </reporter-output>
        </test-method> <!-- configAC -->
      </class> <!-- com.vtiger.crm.orgtest.Working_with_OrganizationModuleTest -->
      <class name="com.vtiger.crm.contacttest.Working_with_ContactModuleTest">
        <test-method is-config="true" signature="configBS()[pri:0, instance:com.vtiger.crm.contacttest.Working_with_ContactModuleTest@5c33f1a9]" started-at="2024-09-05T16:41:14 IST" name="configBS" finished-at="2024-09-05T16:41:14 IST" duration-ms="154" status="PASS">
          <reporter-output>
          </reporter-output>
        </test-method> <!-- configBS -->
        <test-method is-config="true" signature="configBC()[pri:0, instance:com.vtiger.crm.contacttest.Working_with_ContactModuleTest@5c33f1a9]" started-at="2024-09-05T16:41:14 IST" name="configBC" finished-at="2024-09-05T16:41:15 IST" duration-ms="1600" status="PASS">
          <reporter-output>
          </reporter-output>
        </test-method> <!-- configBC -->
        <test-method is-config="true" signature="configBM()[pri:0, instance:com.vtiger.crm.contacttest.Working_with_ContactModuleTest@5c33f1a9]" started-at="2024-09-05T16:41:15 IST" name="configBM" finished-at="2024-09-05T16:41:18 IST" duration-ms="2398" status="PASS">
          <reporter-output>
          </reporter-output>
        </test-method> <!-- configBM -->
        <test-method signature="createContactwithDate()[pri:0, instance:com.vtiger.crm.contacttest.Working_with_ContactModuleTest@5c33f1a9]" started-at="2024-09-05T16:41:18 IST" name="createContactwithDate" finished-at="2024-09-05T16:41:28 IST" duration-ms="10626" status="PASS">
          <reporter-output>
          </reporter-output>
        </test-method> <!-- createContactwithDate -->
        <test-method is-config="true" signature="configAM()[pri:0, instance:com.vtiger.crm.contacttest.Working_with_ContactModuleTest@5c33f1a9]" started-at="2024-09-05T16:41:28 IST" name="configAM" finished-at="2024-09-05T16:41:30 IST" duration-ms="1345" status="PASS">
          <reporter-output>
          </reporter-output>
        </test-method> <!-- configAM -->
        <test-method is-config="true" signature="configBM()[pri:0, instance:com.vtiger.crm.contacttest.Working_with_ContactModuleTest@5c33f1a9]" started-at="2024-09-05T16:41:30 IST" name="configBM" finished-at="2024-09-05T16:41:32 IST" duration-ms="2515" status="PASS">
          <reporter-output>
          </reporter-output>
        </test-method> <!-- configBM -->
        <test-method signature="createContactwithOrgTest()[pri:0, instance:com.vtiger.crm.contacttest.Working_with_ContactModuleTest@5c33f1a9]" started-at="2024-09-05T16:41:32 IST" name="createContactwithOrgTest" finished-at="2024-09-05T16:41:52 IST" duration-ms="19553" status="PASS">
          <reporter-output>
          </reporter-output>
        </test-method> <!-- createContactwithOrgTest -->
        <test-method is-config="true" signature="configAM()[pri:0, instance:com.vtiger.crm.contacttest.Working_with_ContactModuleTest@5c33f1a9]" started-at="2024-09-05T16:41:52 IST" name="configAM" finished-at="2024-09-05T16:41:53 IST" duration-ms="1374" status="PASS">
          <reporter-output>
          </reporter-output>
        </test-method> <!-- configAM -->
        <test-method is-config="true" signature="configAC()[pri:0, instance:com.vtiger.crm.contacttest.Working_with_ContactModuleTest@5c33f1a9]" started-at="2024-09-05T16:41:53 IST" name="configAC" finished-at="2024-09-05T16:41:54 IST" duration-ms="1288" status="PASS">
          <reporter-output>
          </reporter-output>
        </test-method> <!-- configAC -->
        <test-method is-config="true" signature="configAS()[pri:0, instance:com.vtiger.crm.contacttest.Working_with_ContactModuleTest@5c33f1a9]" started-at="2024-09-05T16:42:26 IST" name="configAS" finished-at="2024-09-05T16:42:26 IST" duration-ms="6" status="PASS">
          <reporter-output>
          </reporter-output>
        </test-method> <!-- configAS -->
      </class> <!-- com.vtiger.crm.contacttest.Working_with_ContactModuleTest -->
    </test> <!-- Test -->
  </suite> <!-- Suite -->
</testng-results>
