<?xml version="1.0" encoding="UTF-8"?>
<testng-results ignored="2" total="8" passed="6" failed="0" skipped="0">
  <reporter-output>
  </reporter-output>
  <suite started-at="2024-08-29T16:58:35 IST" name="Suite" finished-at="2024-08-29T17:00:15 IST" duration-ms="100332">
    <groups>
      <group name="Regression Test">
        <method signature="Working_with_ContactModuleTest.createContactwithDate()[pri:0, instance:com.vtiger.crm.contacttest.Working_with_ContactModuleTest@36bc55de]" name="createContactwithDate" class="com.vtiger.crm.contacttest.Working_with_ContactModuleTest"/>
        <method signature="Working_with_ContactModuleTest.createContactwithOrgTest()[pri:0, instance:com.vtiger.crm.contacttest.Working_with_ContactModuleTest@36bc55de]" name="createContactwithOrgTest" class="com.vtiger.crm.contacttest.Working_with_ContactModuleTest"/>
        <method signature="Working_with_OrganizationModuleTest.createOrgWithIndustryAndType()[pri:0, instance:com.vtiger.crm.orgtest.Working_with_OrganizationModuleTest@74fe5c40]" name="createOrgWithIndustryAndType" class="com.vtiger.crm.orgtest.Working_with_OrganizationModuleTest"/>
        <method signature="Working_with_OrganizationModuleTest.createOrgWithNumber()[pri:0, instance:com.vtiger.crm.orgtest.Working_with_OrganizationModuleTest@74fe5c40]" name="createOrgWithNumber" class="com.vtiger.crm.orgtest.Working_with_OrganizationModuleTest"/>
      </group> <!-- Regression Test -->
      <group name="Smoke Test">
        <method signature="Working_with_ContactModuleTest.createContactTest()[pri:0, instance:com.vtiger.crm.contacttest.Working_with_ContactModuleTest@36bc55de]" name="createContactTest" class="com.vtiger.crm.contacttest.Working_with_ContactModuleTest"/>
        <method signature="Working_with_OrganizationModuleTest.createOrgTest()[pri:0, instance:com.vtiger.crm.orgtest.Working_with_OrganizationModuleTest@74fe5c40]" name="createOrgTest" class="com.vtiger.crm.orgtest.Working_with_OrganizationModuleTest"/>
      </group> <!-- Smoke Test -->
    </groups>
    <test started-at="2024-08-29T16:58:35 IST" name="Test" finished-at="2024-08-29T17:00:15 IST" duration-ms="100332">
      <class name="com.vtiger.crm.contacttest.Working_with_ContactModuleTest">
        <test-method is-config="true" signature="configBS()[pri:0, instance:com.vtiger.crm.contacttest.Working_with_ContactModuleTest@36bc55de]" started-at="2024-08-29T16:58:35 IST" name="configBS" finished-at="2024-08-29T16:58:35 IST" duration-ms="226" status="PASS">
          <reporter-output>
          </reporter-output>
        </test-method> <!-- configBS -->
        <test-method is-config="true" signature="configBC()[pri:0, instance:com.vtiger.crm.contacttest.Working_with_ContactModuleTest@36bc55de]" started-at="2024-08-29T16:58:35 IST" name="configBC" finished-at="2024-08-29T16:58:37 IST" duration-ms="1852" status="PASS">
          <reporter-output>
          </reporter-output>
        </test-method> <!-- configBC -->
        <test-method is-config="true" signature="configBM()[pri:0, instance:com.vtiger.crm.contacttest.Working_with_ContactModuleTest@36bc55de]" started-at="2024-08-29T16:58:37 IST" name="configBM" finished-at="2024-08-29T16:58:41 IST" duration-ms="3727" status="PASS">
          <reporter-output>
          </reporter-output>
        </test-method> <!-- configBM -->
        <test-method signature="createContactTest()[pri:0, instance:com.vtiger.crm.contacttest.Working_with_ContactModuleTest@36bc55de]" started-at="2024-08-29T16:58:41 IST" name="createContactTest" finished-at="2024-08-29T16:58:51 IST" duration-ms="10379" status="PASS">
          <reporter-output>
          </reporter-output>
        </test-method> <!-- createContactTest -->
        <test-method is-config="true" signature="configAM()[pri:0, instance:com.vtiger.crm.contacttest.Working_with_ContactModuleTest@36bc55de]" started-at="2024-08-29T16:58:51 IST" name="configAM" finished-at="2024-08-29T16:58:52 IST" duration-ms="1334" status="PASS">
          <reporter-output>
          </reporter-output>
        </test-method> <!-- configAM -->
        <test-method is-config="true" signature="configBM()[pri:0, instance:com.vtiger.crm.contacttest.Working_with_ContactModuleTest@36bc55de]" started-at="2024-08-29T16:58:52 IST" name="configBM" finished-at="2024-08-29T16:58:55 IST" duration-ms="2345" status="PASS">
          <reporter-output>
          </reporter-output>
        </test-method> <!-- configBM -->
        <test-method signature="createContactwithDate()[pri:0, instance:com.vtiger.crm.contacttest.Working_with_ContactModuleTest@36bc55de]" started-at="2024-08-29T16:58:55 IST" name="createContactwithDate" finished-at="2024-08-29T16:59:04 IST" duration-ms="9471" status="PASS">
          <reporter-output>
          </reporter-output>
        </test-method> <!-- createContactwithDate -->
        <test-method is-config="true" signature="configAM()[pri:0, instance:com.vtiger.crm.contacttest.Working_with_ContactModuleTest@36bc55de]" started-at="2024-08-29T16:59:04 IST" name="configAM" finished-at="2024-08-29T16:59:05 IST" duration-ms="1089" status="PASS">
          <reporter-output>
          </reporter-output>
        </test-method> <!-- configAM -->
        <test-method is-config="true" signature="configBM()[pri:0, instance:com.vtiger.crm.contacttest.Working_with_ContactModuleTest@36bc55de]" started-at="2024-08-29T16:59:05 IST" name="configBM" finished-at="2024-08-29T16:59:08 IST" duration-ms="2505" status="PASS">
          <reporter-output>
          </reporter-output>
        </test-method> <!-- configBM -->
        <test-method signature="createContactwithOrgTest()[pri:0, instance:com.vtiger.crm.contacttest.Working_with_ContactModuleTest@36bc55de]" started-at="2024-08-29T16:59:08 IST" name="createContactwithOrgTest" finished-at="2024-08-29T16:59:28 IST" duration-ms="19984" status="PASS">
          <reporter-output>
          </reporter-output>
        </test-method> <!-- createContactwithOrgTest -->
        <test-method is-config="true" signature="configAM()[pri:0, instance:com.vtiger.crm.contacttest.Working_with_ContactModuleTest@36bc55de]" started-at="2024-08-29T16:59:28 IST" name="configAM" finished-at="2024-08-29T16:59:29 IST" duration-ms="1439" status="PASS">
          <reporter-output>
          </reporter-output>
        </test-method> <!-- configAM -->
        <test-method is-config="true" signature="configAC()[pri:0, instance:com.vtiger.crm.contacttest.Working_with_ContactModuleTest@36bc55de]" started-at="2024-08-29T16:59:29 IST" name="configAC" finished-at="2024-08-29T16:59:31 IST" duration-ms="1409" status="PASS">
          <reporter-output>
          </reporter-output>
        </test-method> <!-- configAC -->
        <test-method is-config="true" signature="configAS()[pri:0, instance:com.vtiger.crm.contacttest.Working_with_ContactModuleTest@36bc55de]" started-at="2024-08-29T17:00:16 IST" name="configAS" finished-at="2024-08-29T17:00:16 IST" duration-ms="9" status="PASS">
          <reporter-output>
          </reporter-output>
        </test-method> <!-- configAS -->
      </class> <!-- com.vtiger.crm.contacttest.Working_with_ContactModuleTest -->
      <class name="com.vtiger.crm.orgtest.Working_with_OrganizationModuleTest">
        <test-method is-config="true" signature="configBC()[pri:0, instance:com.vtiger.crm.orgtest.Working_with_OrganizationModuleTest@74fe5c40]" started-at="2024-08-29T16:59:31 IST" name="configBC" finished-at="2024-08-29T16:59:32 IST" duration-ms="1244" status="PASS">
          <reporter-output>
          </reporter-output>
        </test-method> <!-- configBC -->
        <test-method is-config="true" signature="configBM()[pri:0, instance:com.vtiger.crm.orgtest.Working_with_OrganizationModuleTest@74fe5c40]" started-at="2024-08-29T16:59:32 IST" name="configBM" finished-at="2024-08-29T16:59:36 IST" duration-ms="3730" status="PASS">
          <reporter-output>
          </reporter-output>
        </test-method> <!-- configBM -->
        <test-method signature="createOrgTest()[pri:0, instance:com.vtiger.crm.orgtest.Working_with_OrganizationModuleTest@74fe5c40]" started-at="2024-08-29T16:59:36 IST" name="createOrgTest" finished-at="2024-08-29T16:59:46 IST" duration-ms="9970" status="PASS">
          <reporter-output>
          </reporter-output>
        </test-method> <!-- createOrgTest -->
        <test-method is-config="true" signature="configAM()[pri:0, instance:com.vtiger.crm.orgtest.Working_with_OrganizationModuleTest@74fe5c40]" started-at="2024-08-29T16:59:46 IST" name="configAM" finished-at="2024-08-29T16:59:47 IST" duration-ms="1088" status="PASS">
          <reporter-output>
          </reporter-output>
        </test-method> <!-- configAM -->
        <test-method is-config="true" signature="configBM()[pri:0, instance:com.vtiger.crm.orgtest.Working_with_OrganizationModuleTest@74fe5c40]" started-at="2024-08-29T16:59:47 IST" name="configBM" finished-at="2024-08-29T16:59:49 IST" duration-ms="2715" status="PASS">
          <reporter-output>
          </reporter-output>
        </test-method> <!-- configBM -->
        <test-method signature="createOrgWithIndustryAndType()[pri:0, instance:com.vtiger.crm.orgtest.Working_with_OrganizationModuleTest@74fe5c40]" started-at="2024-08-29T16:59:49 IST" name="createOrgWithIndustryAndType" finished-at="2024-08-29T17:00:00 IST" duration-ms="10151" status="PASS">
          <reporter-output>
          </reporter-output>
        </test-method> <!-- createOrgWithIndustryAndType -->
        <test-method is-config="true" signature="configAM()[pri:0, instance:com.vtiger.crm.orgtest.Working_with_OrganizationModuleTest@74fe5c40]" started-at="2024-08-29T17:00:00 IST" name="configAM" finished-at="2024-08-29T17:00:01 IST" duration-ms="1218" status="PASS">
          <reporter-output>
          </reporter-output>
        </test-method> <!-- configAM -->
        <test-method is-config="true" signature="configBM()[pri:0, instance:com.vtiger.crm.orgtest.Working_with_OrganizationModuleTest@74fe5c40]" started-at="2024-08-29T17:00:01 IST" name="configBM" finished-at="2024-08-29T17:00:03 IST" duration-ms="2577" status="PASS">
          <reporter-output>
          </reporter-output>
        </test-method> <!-- configBM -->
        <test-method signature="createOrgWithNumber()[pri:0, instance:com.vtiger.crm.orgtest.Working_with_OrganizationModuleTest@74fe5c40]" started-at="2024-08-29T17:00:03 IST" name="createOrgWithNumber" finished-at="2024-08-29T17:00:13 IST" duration-ms="9372" status="PASS">
          <reporter-output>
          </reporter-output>
        </test-method> <!-- createOrgWithNumber -->
        <test-method is-config="true" signature="configAM()[pri:0, instance:com.vtiger.crm.orgtest.Working_with_OrganizationModuleTest@74fe5c40]" started-at="2024-08-29T17:00:13 IST" name="configAM" finished-at="2024-08-29T17:00:14 IST" duration-ms="1398" status="PASS">
          <reporter-output>
          </reporter-output>
        </test-method> <!-- configAM -->
        <test-method is-config="true" signature="configAC()[pri:0, instance:com.vtiger.crm.orgtest.Working_with_OrganizationModuleTest@74fe5c40]" started-at="2024-08-29T17:00:14 IST" name="configAC" finished-at="2024-08-29T17:00:15 IST" duration-ms="1292" status="PASS">
          <reporter-output>
          </reporter-output>
        </test-method> <!-- configAC -->
      </class> <!-- com.vtiger.crm.orgtest.Working_with_OrganizationModuleTest -->
    </test> <!-- Test -->
  </suite> <!-- Suite -->
</testng-results>
