<?xml version="1.0" encoding="UTF-8"?>
<!-- Generated by org.testng.reporters.JUnitXMLReporter -->
<testsuite ignored="2" hostname="Chetan-pc" failures="0" tests="1" name="Default test" time="32.622" errors="0" timestamp="2024-08-29T16:43:11 IST">
  <testcase classname="com.vtiger.crm.contacttest.Working_with_ContactModuleTest" name="createContactwithOrgTest" time="21.817"/>
  <testcase classname="com.vtiger.crm.contacttest.Working_with_ContactModuleTest" name="createContactTest" time="0.0">
    <ignored/>
  </testcase> <!-- createContactTest -->
  <testcase classname="com.vtiger.crm.contacttest.Working_with_ContactModuleTest" name="createContactwithDate" time="0.0">
    <ignored/>
  </testcase> <!-- createContactwithDate -->
</testsuite> <!-- Default test -->
